<?xml version="1.0" encoding="UTF-8"?>
<!-- Generated by org.testng.reporters.JUnitXMLReporter -->
<testsuite hostname="LAPTOP-RG760NFN" ignored="0" name="Test" tests="9" failures="0" timestamp="01 May 2019 15:25:09 GMT" time="108.252" errors="0">
  <testcase name="createCustomerTest" time="0.036" classname="com.actitime.customertest.CustomerTest"/>
  <testcase name="deleteCustomerTest" time="0.003" classname="com.actitime.customertest.CustomerTest"/>
  <testcase name="modifyCustomerTest" time="0.001" classname="com.actitime.customertest.CustomerTest"/>
  <testcase name="createUserTest" time="0.003" classname="com.actitime.usertest.UserTest"/>
  <testcase name="deleteUserTest" time="0.006" classname="com.actitime.usertest.UserTest"/>
  <testcase name="modifyUserTest" time="0.003" classname="com.actitime.usertest.UserTest"/>
  <testcase name="createReportTest" time="0.003" classname="com.actitime.reporttest.ReportTest"/>
  <testcase name="deleteReportTest" time="0.001" classname="com.actitime.reporttest.ReportTest"/>
  <testcase name="modifyReportTest" time="0.002" classname="com.actitime.reporttest.ReportTest"/>
</testsuite> <!-- Test -->
